This is pdfTeX, Version 3.14159265-2.6-1.40.18 (MiKTeX 2.9.6500 64-bit) (preloaded format=pdflatex 2018.2.8)  29 NOV 2018 14:30
entering extended mode
**./CHOA_Project_2_Answers.tex
(CHOA_Project_2_Answers.tex
LaTeX2e <2017-04-15>
Babel <3.15> and hyphenation patterns for 75 language(s) loaded.
("C:\Program Files\MiKTeX 2.9\tex\latex\base\article.cls"
Document Class: article 2014/09/29 v1.4h Standard LaTeX document class
("C:\Program Files\MiKTeX 2.9\tex\latex\base\size10.clo"
File: size10.clo 2014/09/29 v1.4h Standard LaTeX file (size option)
)
\c@part=\count79
\c@section=\count80
\c@subsection=\count81
\c@subsubsection=\count82
\c@paragraph=\count83
\c@subparagraph=\count84
\c@figure=\count85
\c@table=\count86
\abovecaptionskip=\skip41
\belowcaptionskip=\skip42
\bibindent=\dimen102
)
("C:\Program Files\MiKTeX 2.9\tex\latex\base\inputenc.sty"
Package: inputenc 2015/03/17 v1.2c Input encoding file
\inpenc@prehook=\toks14
\inpenc@posthook=\toks15

("C:\Program Files\MiKTeX 2.9\tex\latex\base\utf8.def"
File: utf8.def 2017/01/28 v1.1t UTF-8 support for inputenc
Now handling font encoding OML ...
... no UTF-8 mapping file for font encoding OML
Now handling font encoding T1 ...
... processing UTF-8 mapping file for font encoding T1

("C:\Program Files\MiKTeX 2.9\tex\latex\base\t1enc.dfu"
File: t1enc.dfu 2017/01/28 v1.1t UTF-8 support for inputenc
   defining Unicode char U+00A0 (decimal 160)
   defining Unicode char U+00A1 (decimal 161)
   defining Unicode char U+00A3 (decimal 163)
   defining Unicode char U+00AB (decimal 171)
   defining Unicode char U+00AD (decimal 173)
   defining Unicode char U+00BB (decimal 187)
   defining Unicode char U+00BF (decimal 191)
   defining Unicode char U+00C0 (decimal 192)
   defining Unicode char U+00C1 (decimal 193)
   defining Unicode char U+00C2 (decimal 194)
   defining Unicode char U+00C3 (decimal 195)
   defining Unicode char U+00C4 (decimal 196)
   defining Unicode char U+00C5 (decimal 197)
   defining Unicode char U+00C6 (decimal 198)
   defining Unicode char U+00C7 (decimal 199)
   defining Unicode char U+00C8 (decimal 200)
   defining Unicode char U+00C9 (decimal 201)
   defining Unicode char U+00CA (decimal 202)
   defining Unicode char U+00CB (decimal 203)
   defining Unicode char U+00CC (decimal 204)
   defining Unicode char U+00CD (decimal 205)
   defining Unicode char U+00CE (decimal 206)
   defining Unicode char U+00CF (decimal 207)
   defining Unicode char U+00D0 (decimal 208)
   defining Unicode char U+00D1 (decimal 209)
   defining Unicode char U+00D2 (decimal 210)
   defining Unicode char U+00D3 (decimal 211)
   defining Unicode char U+00D4 (decimal 212)
   defining Unicode char U+00D5 (decimal 213)
   defining Unicode char U+00D6 (decimal 214)
   defining Unicode char U+00D8 (decimal 216)
   defining Unicode char U+00D9 (decimal 217)
   defining Unicode char U+00DA (decimal 218)
   defining Unicode char U+00DB (decimal 219)
   defining Unicode char U+00DC (decimal 220)
   defining Unicode char U+00DD (decimal 221)
   defining Unicode char U+00DE (decimal 222)
   defining Unicode char U+00DF (decimal 223)
   defining Unicode char U+00E0 (decimal 224)
   defining Unicode char U+00E1 (decimal 225)
   defining Unicode char U+00E2 (decimal 226)
   defining Unicode char U+00E3 (decimal 227)
   defining Unicode char U+00E4 (decimal 228)
   defining Unicode char U+00E5 (decimal 229)
   defining Unicode char U+00E6 (decimal 230)
   defining Unicode char U+00E7 (decimal 231)
   defining Unicode char U+00E8 (decimal 232)
   defining Unicode char U+00E9 (decimal 233)
   defining Unicode char U+00EA (decimal 234)
   defining Unicode char U+00EB (decimal 235)
   defining Unicode char U+00EC (decimal 236)
   defining Unicode char U+00ED (decimal 237)
   defining Unicode char U+00EE (decimal 238)
   defining Unicode char U+00EF (decimal 239)
   defining Unicode char U+00F0 (decimal 240)
   defining Unicode char U+00F1 (decimal 241)
   defining Unicode char U+00F2 (decimal 242)
   defining Unicode char U+00F3 (decimal 243)
   defining Unicode char U+00F4 (decimal 244)
   defining Unicode char U+00F5 (decimal 245)
   defining Unicode char U+00F6 (decimal 246)
   defining Unicode char U+00F8 (decimal 248)
   defining Unicode char U+00F9 (decimal 249)
   defining Unicode char U+00FA (decimal 250)
   defining Unicode char U+00FB (decimal 251)
   defining Unicode char U+00FC (decimal 252)
   defining Unicode char U+00FD (decimal 253)
   defining Unicode char U+00FE (decimal 254)
   defining Unicode char U+00FF (decimal 255)
   defining Unicode char U+0100 (decimal 256)
   defining Unicode char U+0101 (decimal 257)
   defining Unicode char U+0102 (decimal 258)
   defining Unicode char U+0103 (decimal 259)
   defining Unicode char U+0104 (decimal 260)
   defining Unicode char U+0105 (decimal 261)
   defining Unicode char U+0106 (decimal 262)
   defining Unicode char U+0107 (decimal 263)
   defining Unicode char U+0108 (decimal 264)
   defining Unicode char U+0109 (decimal 265)
   defining Unicode char U+010A (decimal 266)
   defining Unicode char U+010B (decimal 267)
   defining Unicode char U+010C (decimal 268)
   defining Unicode char U+010D (decimal 269)
   defining Unicode char U+010E (decimal 270)
   defining Unicode char U+010F (decimal 271)
   defining Unicode char U+0110 (decimal 272)
   defining Unicode char U+0111 (decimal 273)
   defining Unicode char U+0112 (decimal 274)
   defining Unicode char U+0113 (decimal 275)
   defining Unicode char U+0114 (decimal 276)
   defining Unicode char U+0115 (decimal 277)
   defining Unicode char U+0116 (decimal 278)
   defining Unicode char U+0117 (decimal 279)
   defining Unicode char U+0118 (decimal 280)
   defining Unicode char U+0119 (decimal 281)
   defining Unicode char U+011A (decimal 282)
   defining Unicode char U+011B (decimal 283)
   defining Unicode char U+011C (decimal 284)
   defining Unicode char U+011D (decimal 285)
   defining Unicode char U+011E (decimal 286)
   defining Unicode char U+011F (decimal 287)
   defining Unicode char U+0120 (decimal 288)
   defining Unicode char U+0121 (decimal 289)
   defining Unicode char U+0122 (decimal 290)
   defining Unicode char U+0123 (decimal 291)
   defining Unicode char U+0124 (decimal 292)
   defining Unicode char U+0125 (decimal 293)
   defining Unicode char U+0128 (decimal 296)
   defining Unicode char U+0129 (decimal 297)
   defining Unicode char U+012A (decimal 298)
   defining Unicode char U+012B (decimal 299)
   defining Unicode char U+012C (decimal 300)
   defining Unicode char U+012D (decimal 301)
   defining Unicode char U+012E (decimal 302)
   defining Unicode char U+012F (decimal 303)
   defining Unicode char U+0130 (decimal 304)
   defining Unicode char U+0131 (decimal 305)
   defining Unicode char U+0132 (decimal 306)
   defining Unicode char U+0133 (decimal 307)
   defining Unicode char U+0134 (decimal 308)
   defining Unicode char U+0135 (decimal 309)
   defining Unicode char U+0136 (decimal 310)
   defining Unicode char U+0137 (decimal 311)
   defining Unicode char U+0139 (decimal 313)
   defining Unicode char U+013A (decimal 314)
   defining Unicode char U+013B (decimal 315)
   defining Unicode char U+013C (decimal 316)
   defining Unicode char U+013D (decimal 317)
   defining Unicode char U+013E (decimal 318)
   defining Unicode char U+0141 (decimal 321)
   defining Unicode char U+0142 (decimal 322)
   defining Unicode char U+0143 (decimal 323)
   defining Unicode char U+0144 (decimal 324)
   defining Unicode char U+0145 (decimal 325)
   defining Unicode char U+0146 (decimal 326)
   defining Unicode char U+0147 (decimal 327)
   defining Unicode char U+0148 (decimal 328)
   defining Unicode char U+014A (decimal 330)
   defining Unicode char U+014B (decimal 331)
   defining Unicode char U+014C (decimal 332)
   defining Unicode char U+014D (decimal 333)
   defining Unicode char U+014E (decimal 334)
   defining Unicode char U+014F (decimal 335)
   defining Unicode char U+0150 (decimal 336)
   defining Unicode char U+0151 (decimal 337)
   defining Unicode char U+0152 (decimal 338)
   defining Unicode char U+0153 (decimal 339)
   defining Unicode char U+0154 (decimal 340)
   defining Unicode char U+0155 (decimal 341)
   defining Unicode char U+0156 (decimal 342)
   defining Unicode char U+0157 (decimal 343)
   defining Unicode char U+0158 (decimal 344)
   defining Unicode char U+0159 (decimal 345)
   defining Unicode char U+015A (decimal 346)
   defining Unicode char U+015B (decimal 347)
   defining Unicode char U+015C (decimal 348)
   defining Unicode char U+015D (decimal 349)
   defining Unicode char U+015E (decimal 350)
   defining Unicode char U+015F (decimal 351)
   defining Unicode char U+0160 (decimal 352)
   defining Unicode char U+0161 (decimal 353)
   defining Unicode char U+0162 (decimal 354)
   defining Unicode char U+0163 (decimal 355)
   defining Unicode char U+0164 (decimal 356)
   defining Unicode char U+0165 (decimal 357)
   defining Unicode char U+0168 (decimal 360)
   defining Unicode char U+0169 (decimal 361)
   defining Unicode char U+016A (decimal 362)
   defining Unicode char U+016B (decimal 363)
   defining Unicode char U+016C (decimal 364)
   defining Unicode char U+016D (decimal 365)
   defining Unicode char U+016E (decimal 366)
   defining Unicode char U+016F (decimal 367)
   defining Unicode char U+0170 (decimal 368)
   defining Unicode char U+0171 (decimal 369)
   defining Unicode char U+0172 (decimal 370)
   defining Unicode char U+0173 (decimal 371)
   defining Unicode char U+0174 (decimal 372)
   defining Unicode char U+0175 (decimal 373)
   defining Unicode char U+0176 (decimal 374)
   defining Unicode char U+0177 (decimal 375)
   defining Unicode char U+0178 (decimal 376)
   defining Unicode char U+0179 (decimal 377)
   defining Unicode char U+017A (decimal 378)
   defining Unicode char U+017B (decimal 379)
   defining Unicode char U+017C (decimal 380)
   defining Unicode char U+017D (decimal 381)
   defining Unicode char U+017E (decimal 382)
   defining Unicode char U+01CD (decimal 461)
   defining Unicode char U+01CE (decimal 462)
   defining Unicode char U+01CF (decimal 463)
   defining Unicode char U+01D0 (decimal 464)
   defining Unicode char U+01D1 (decimal 465)
   defining Unicode char U+01D2 (decimal 466)
   defining Unicode char U+01D3 (decimal 467)
   defining Unicode char U+01D4 (decimal 468)
   defining Unicode char U+01E2 (decimal 482)
   defining Unicode char U+01E3 (decimal 483)
   defining Unicode char U+01E6 (decimal 486)
   defining Unicode char U+01E7 (decimal 487)
   defining Unicode char U+01E8 (decimal 488)
   defining Unicode char U+01E9 (decimal 489)
   defining Unicode char U+01EA (decimal 490)
   defining Unicode char U+01EB (decimal 491)
   defining Unicode char U+01F0 (decimal 496)
   defining Unicode char U+01F4 (decimal 500)
   defining Unicode char U+01F5 (decimal 501)
   defining Unicode char U+0218 (decimal 536)
   defining Unicode char U+0219 (decimal 537)
   defining Unicode char U+021A (decimal 538)
   defining Unicode char U+021B (decimal 539)
   defining Unicode char U+0232 (decimal 562)
   defining Unicode char U+0233 (decimal 563)
   defining Unicode char U+1E02 (decimal 7682)
   defining Unicode char U+1E03 (decimal 7683)
   defining Unicode char U+200C (decimal 8204)
   defining Unicode char U+2010 (decimal 8208)
   defining Unicode char U+2011 (decimal 8209)
   defining Unicode char U+2012 (decimal 8210)
   defining Unicode char U+2013 (decimal 8211)
   defining Unicode char U+2014 (decimal 8212)
   defining Unicode char U+2015 (decimal 8213)
   defining Unicode char U+2018 (decimal 8216)
   defining Unicode char U+2019 (decimal 8217)
   defining Unicode char U+201A (decimal 8218)
   defining Unicode char U+201C (decimal 8220)
   defining Unicode char U+201D (decimal 8221)
   defining Unicode char U+201E (decimal 8222)
   defining Unicode char U+2030 (decimal 8240)
   defining Unicode char U+2031 (decimal 8241)
   defining Unicode char U+2039 (decimal 8249)
   defining Unicode char U+203A (decimal 8250)
   defining Unicode char U+2423 (decimal 9251)
   defining Unicode char U+1E20 (decimal 7712)
   defining Unicode char U+1E21 (decimal 7713)
)
Now handling font encoding OT1 ...
... processing UTF-8 mapping file for font encoding OT1

("C:\Program Files\MiKTeX 2.9\tex\latex\base\ot1enc.dfu"
File: ot1enc.dfu 2017/01/28 v1.1t UTF-8 support for inputenc
   defining Unicode char U+00A0 (decimal 160)
   defining Unicode char U+00A1 (decimal 161)
   defining Unicode char U+00A3 (decimal 163)
   defining Unicode char U+00AD (decimal 173)
   defining Unicode char U+00B8 (decimal 184)
   defining Unicode char U+00BF (decimal 191)
   defining Unicode char U+00C5 (decimal 197)
   defining Unicode char U+00C6 (decimal 198)
   defining Unicode char U+00D8 (decimal 216)
   defining Unicode char U+00DF (decimal 223)
   defining Unicode char U+00E6 (decimal 230)
   defining Unicode char U+00EC (decimal 236)
   defining Unicode char U+00ED (decimal 237)
   defining Unicode char U+00EE (decimal 238)
   defining Unicode char U+00EF (decimal 239)
   defining Unicode char U+00F8 (decimal 248)
   defining Unicode char U+0131 (decimal 305)
   defining Unicode char U+0141 (decimal 321)
   defining Unicode char U+0142 (decimal 322)
   defining Unicode char U+0152 (decimal 338)
   defining Unicode char U+0153 (decimal 339)
   defining Unicode char U+0174 (decimal 372)
   defining Unicode char U+0175 (decimal 373)
   defining Unicode char U+0176 (decimal 374)
   defining Unicode char U+0177 (decimal 375)
   defining Unicode char U+0218 (decimal 536)
   defining Unicode char U+0219 (decimal 537)
   defining Unicode char U+021A (decimal 538)
   defining Unicode char U+021B (decimal 539)
   defining Unicode char U+2013 (decimal 8211)
   defining Unicode char U+2014 (decimal 8212)
   defining Unicode char U+2018 (decimal 8216)
   defining Unicode char U+2019 (decimal 8217)
   defining Unicode char U+201C (decimal 8220)
   defining Unicode char U+201D (decimal 8221)
)
Now handling font encoding OMS ...
... processing UTF-8 mapping file for font encoding OMS

("C:\Program Files\MiKTeX 2.9\tex\latex\base\omsenc.dfu"
File: omsenc.dfu 2017/01/28 v1.1t UTF-8 support for inputenc
   defining Unicode char U+00A7 (decimal 167)
   defining Unicode char U+00B6 (decimal 182)
   defining Unicode char U+00B7 (decimal 183)
   defining Unicode char U+2020 (decimal 8224)
   defining Unicode char U+2021 (decimal 8225)
   defining Unicode char U+2022 (decimal 8226)
)
Now handling font encoding OMX ...
... no UTF-8 mapping file for font encoding OMX
Now handling font encoding U ...
... no UTF-8 mapping file for font encoding U
   defining Unicode char U+00A9 (decimal 169)
   defining Unicode char U+00AA (decimal 170)
   defining Unicode char U+00AE (decimal 174)
   defining Unicode char U+00BA (decimal 186)
   defining Unicode char U+02C6 (decimal 710)
   defining Unicode char U+02DC (decimal 732)
   defining Unicode char U+200C (decimal 8204)
   defining Unicode char U+2026 (decimal 8230)
   defining Unicode char U+2122 (decimal 8482)
   defining Unicode char U+2423 (decimal 9251)
))
("C:\Program Files\MiKTeX 2.9\tex\latex\geometry\geometry.sty"
Package: geometry 2010/09/12 v5.6 Page Geometry

("C:\Program Files\MiKTeX 2.9\tex\latex\graphics\keyval.sty"
Package: keyval 2014/10/28 v1.15 key=value parser (DPC)
\KV@toks@=\toks16
)
("C:\Program Files\MiKTeX 2.9\tex\generic\oberdiek\ifpdf.sty"
Package: ifpdf 2017/03/15 v3.2 Provides the ifpdf switch
)
("C:\Program Files\MiKTeX 2.9\tex\generic\oberdiek\ifvtex.sty"
Package: ifvtex 2016/05/16 v1.6 Detect VTeX and its facilities (HO)
Package ifvtex Info: VTeX not detected.
)
("C:\Program Files\MiKTeX 2.9\tex\generic\ifxetex\ifxetex.sty"
Package: ifxetex 2010/09/12 v0.6 Provides ifxetex conditional
)
\Gm@cnth=\count87
\Gm@cntv=\count88
\c@Gm@tempcnt=\count89
\Gm@bindingoffset=\dimen103
\Gm@wd@mp=\dimen104
\Gm@odd@mp=\dimen105
\Gm@even@mp=\dimen106
\Gm@layoutwidth=\dimen107
\Gm@layoutheight=\dimen108
\Gm@layouthoffset=\dimen109
\Gm@layoutvoffset=\dimen110
\Gm@dimlist=\toks17

("C:\Program Files\MiKTeX 2.9\tex\latex\geometry\geometry.cfg"))
("C:\Program Files\MiKTeX 2.9\tex\latex\graphics\graphicx.sty"
Package: graphicx 2017/06/01 v1.1a Enhanced LaTeX Graphics (DPC,SPQR)

("C:\Program Files\MiKTeX 2.9\tex\latex\graphics\graphics.sty"
Package: graphics 2017/06/25 v1.2c Standard LaTeX Graphics (DPC,SPQR)

("C:\Program Files\MiKTeX 2.9\tex\latex\graphics\trig.sty"
Package: trig 2016/01/03 v1.10 sin cos tan (DPC)
)
("C:\Program Files\MiKTeX 2.9\tex\latex\graphics-cfg\graphics.cfg"
File: graphics.cfg 2016/06/04 v1.11 sample graphics configuration
)
Package graphics Info: Driver file: pdftex.def on input line 99.

("C:\Program Files\MiKTeX 2.9\tex\latex\graphics-def\pdftex.def"
File: pdftex.def 2017/06/24 v1.0g Graphics/color driver for pdftex
))
\Gin@req@height=\dimen111
\Gin@req@width=\dimen112
)
("C:\Program Files\MiKTeX 2.9\tex\latex\jknappen\mathrsfs.sty"
Package: mathrsfs 1996/01/01 Math RSFS package v1.0 (jk)
\symrsfs=\mathgroup4
)
("C:\Program Files\MiKTeX 2.9\tex\latex\booktabs\booktabs.sty"
Package: booktabs 2005/04/14 v1.61803 publication quality tables
\heavyrulewidth=\dimen113
\lightrulewidth=\dimen114
\cmidrulewidth=\dimen115
\belowrulesep=\dimen116
\belowbottomsep=\dimen117
\aboverulesep=\dimen118
\abovetopsep=\dimen119
\cmidrulesep=\dimen120
\cmidrulekern=\dimen121
\defaultaddspace=\dimen122
\@cmidla=\count90
\@cmidlb=\count91
\@aboverulesep=\dimen123
\@belowrulesep=\dimen124
\@thisruleclass=\count92
\@lastruleclass=\count93
\@thisrulewidth=\dimen125
)
("C:\Program Files\MiKTeX 2.9\tex\latex\tools\array.sty"
Package: array 2016/10/06 v2.4d Tabular extension package (FMi)
\col@sep=\dimen126
\extrarowheight=\dimen127
\NC@list=\toks18
\extratabsurround=\skip43
\backup@length=\skip44
)
("C:\Program Files\MiKTeX 2.9\tex\latex\paralist\paralist.sty"
Package: paralist 2017/01/22 v2.7 Extended list environments
\pltopsep=\skip45
\plpartopsep=\skip46
\plitemsep=\skip47
\plparsep=\skip48
\pl@lab=\toks19
)
("C:\Program Files\MiKTeX 2.9\tex\latex\tools\verbatim.sty"
Package: verbatim 2014/10/28 v1.5q LaTeX2e package for verbatim enhancements
\every@verbatim=\toks20
\verbatim@line=\toks21
\verbatim@in@stream=\read1
)
("C:\Program Files\MiKTeX 2.9\tex\latex\subfig\subfig.sty"
Package: subfig 2005/06/28 ver: 1.3 subfig package

("C:\Program Files\MiKTeX 2.9\tex\latex\caption\caption.sty"
Package: caption 2016/02/21 v3.3-144 Customizing captions (AR)

("C:\Program Files\MiKTeX 2.9\tex\latex\caption\caption3.sty"
Package: caption3 2016/05/22 v1.7-166 caption3 kernel (AR)
Package caption3 Info: TeX engine: e-TeX on input line 67.
\captionmargin=\dimen128
\captionmargin@=\dimen129
\captionwidth=\dimen130
\caption@tempdima=\dimen131
\caption@indent=\dimen132
\caption@parindent=\dimen133
\caption@hangindent=\dimen134
)
\c@ContinuedFloat=\count94
)
\c@KVtest=\count95
\sf@farskip=\skip49
\sf@captopadj=\dimen135
\sf@capskip=\skip50
\sf@nearskip=\skip51
\c@subfigure=\count96
\c@subfigure@save=\count97
\c@lofdepth=\count98
\c@subtable=\count99
\c@subtable@save=\count100
\c@lotdepth=\count101
\sf@top=\skip52
\sf@bottom=\skip53
)
("C:\Program Files\MiKTeX 2.9\tex\latex\fancyhdr\fancyhdr.sty"
Package: fancyhdr 2017/06/30 v3.9a Extensive control of page headers and footer
s
\f@nch@headwidth=\skip54
\f@nch@O@elh=\skip55
\f@nch@O@erh=\skip56
\f@nch@O@olh=\skip57
\f@nch@O@orh=\skip58
\f@nch@O@elf=\skip59
\f@nch@O@erf=\skip60
\f@nch@O@olf=\skip61
\f@nch@O@orf=\skip62
)
("C:\Program Files\MiKTeX 2.9\tex\latex\sectsty\sectsty.sty"
Package: sectsty 2002/02/25 v2.0.2 Commands to change all sectional heading sty
les
)
("C:\Program Files\MiKTeX 2.9\tex\latex\tocbibind\tocbibind.sty"
Package: tocbibind 2010/10/13 v1.5k extra ToC listings
Package tocbibind Info: The document has section divisions on input line 50.


Package tocbibind Note: Using section or other style headings.

) ("C:\Program Files\MiKTeX 2.9\tex\latex\tocloft\tocloft.sty"
Package: tocloft 2017/08/31 v2.3i parameterised ToC, etc., typesetting
Package tocloft Info: The document has section divisions on input line 51.
\cftparskip=\skip63
\cftbeforetoctitleskip=\skip64
\cftaftertoctitleskip=\skip65
\cftbeforepartskip=\skip66
\cftpartnumwidth=\skip67
\cftpartindent=\skip68
\cftbeforesecskip=\skip69
\cftsecindent=\skip70
\cftsecnumwidth=\skip71
\cftbeforesubsecskip=\skip72
\cftsubsecindent=\skip73
\cftsubsecnumwidth=\skip74
\cftbeforesubsubsecskip=\skip75
\cftsubsubsecindent=\skip76
\cftsubsubsecnumwidth=\skip77
\cftbeforeparaskip=\skip78
\cftparaindent=\skip79
\cftparanumwidth=\skip80
\cftbeforesubparaskip=\skip81
\cftsubparaindent=\skip82
\cftsubparanumwidth=\skip83
\cftbeforeloftitleskip=\skip84
\cftafterloftitleskip=\skip85
\cftbeforefigskip=\skip86
\cftfigindent=\skip87
\cftfignumwidth=\skip88
\cftbeforelottitleskip=\skip89
\cftafterlottitleskip=\skip90
\cftbeforetabskip=\skip91
\cfttabindent=\skip92
\cfttabnumwidth=\skip93
\cftbeforesubfigskip=\skip94
\cftsubfigindent=\skip95
\cftsubfignumwidth=\skip96
\cftbeforesubtabskip=\skip97
\cftsubtabindent=\skip98
\cftsubtabnumwidth=\skip99
)
("C:\Program Files\MiKTeX 2.9\tex\latex\amsfonts\amssymb.sty"
Package: amssymb 2013/01/14 v3.01 AMS font symbols

("C:\Program Files\MiKTeX 2.9\tex\latex\amsfonts\amsfonts.sty"
Package: amsfonts 2013/01/14 v3.01 Basic AMSFonts support
\@emptytoks=\toks22
\symAMSa=\mathgroup5
\symAMSb=\mathgroup6
LaTeX Font Info:    Overwriting math alphabet `\mathfrak' in version `bold'
(Font)                  U/euf/m/n --> U/euf/b/n on input line 106.
))
("C:\Program Files\MiKTeX 2.9\tex\latex\mathtools\mathtools.sty"
Package: mathtools 2018/01/08 v1.21 mathematical typesetting tools

("C:\Program Files\MiKTeX 2.9\tex\latex\tools\calc.sty"
Package: calc 2014/10/28 v4.3 Infix arithmetic (KKT,FJ)
\calc@Acount=\count102
\calc@Bcount=\count103
\calc@Adimen=\dimen136
\calc@Bdimen=\dimen137
\calc@Askip=\skip100
\calc@Bskip=\skip101
LaTeX Info: Redefining \setlength on input line 80.
LaTeX Info: Redefining \addtolength on input line 81.
\calc@Ccount=\count104
\calc@Cskip=\skip102
)
("C:\Program Files\MiKTeX 2.9\tex\latex\mathtools\mhsetup.sty"
Package: mhsetup 2017/03/31 v1.3 programming setup (MH)
)
("C:\Program Files\MiKTeX 2.9\tex\latex\amsmath\amsmath.sty"
Package: amsmath 2017/09/02 v2.17a AMS math features
\@mathmargin=\skip103

For additional information on amsmath, use the `?' option.
("C:\Program Files\MiKTeX 2.9\tex\latex\amsmath\amstext.sty"
Package: amstext 2000/06/29 v2.01 AMS text

("C:\Program Files\MiKTeX 2.9\tex\latex\amsmath\amsgen.sty"
File: amsgen.sty 1999/11/30 v2.0 generic functions
\@emptytoks=\toks23
\ex@=\dimen138
))
("C:\Program Files\MiKTeX 2.9\tex\latex\amsmath\amsbsy.sty"
Package: amsbsy 1999/11/29 v1.2d Bold Symbols
\pmbraise@=\dimen139
)
("C:\Program Files\MiKTeX 2.9\tex\latex\amsmath\amsopn.sty"
Package: amsopn 2016/03/08 v2.02 operator names
)
\inf@bad=\count105
LaTeX Info: Redefining \frac on input line 213.
\uproot@=\count106
\leftroot@=\count107
LaTeX Info: Redefining \overline on input line 375.
\classnum@=\count108
\DOTSCASE@=\count109
LaTeX Info: Redefining \ldots on input line 472.
LaTeX Info: Redefining \dots on input line 475.
LaTeX Info: Redefining \cdots on input line 596.
\Mathstrutbox@=\box26
\strutbox@=\box27
\big@size=\dimen140
LaTeX Font Info:    Redeclaring font encoding OML on input line 712.
LaTeX Font Info:    Redeclaring font encoding OMS on input line 713.
\macc@depth=\count110
\c@MaxMatrixCols=\count111
\dotsspace@=\muskip10
\c@parentequation=\count112
\dspbrk@lvl=\count113
\tag@help=\toks24
\row@=\count114
\column@=\count115
\maxfields@=\count116
\andhelp@=\toks25
\eqnshift@=\dimen141
\alignsep@=\dimen142
\tagshift@=\dimen143
\tagwidth@=\dimen144
\totwidth@=\dimen145
\lineht@=\dimen146
\@envbody=\toks26
\multlinegap=\skip104
\multlinetaggap=\skip105
\mathdisplay@stack=\toks27
LaTeX Info: Redefining \[ on input line 2817.
LaTeX Info: Redefining \] on input line 2818.
)
LaTeX Info: Thecontrolsequence`\('isalreadyrobust on input line 129.
LaTeX Info: Thecontrolsequence`\)'isalreadyrobust on input line 129.
LaTeX Info: Thecontrolsequence`\['isalreadyrobust on input line 129.
LaTeX Info: Thecontrolsequence`\]'isalreadyrobust on input line 129.
\g_MT_multlinerow_int=\count117
\l_MT_multwidth_dim=\dimen147
\origjot=\skip106
\l_MT_shortvdotswithinadjustabove_dim=\dimen148
\l_MT_shortvdotswithinadjustbelow_dim=\dimen149
\l_MT_above_intertext_sep=\dimen150
\l_MT_below_intertext_sep=\dimen151
\l_MT_above_shortintertext_sep=\dimen152
\l_MT_below_shortintertext_sep=\dimen153
)
("C:\Program Files\MiKTeX 2.9\tex\latex\graphics\color.sty"
Package: color 2016/07/10 v1.1e Standard LaTeX Color (DPC)

("C:\Program Files\MiKTeX 2.9\tex\latex\graphics-cfg\color.cfg"
File: color.cfg 2016/01/02 v1.6 sample color configuration
)
Package color Info: Driver file: pdftex.def on input line 147.

("C:\Program Files\MiKTeX 2.9\tex\latex\graphics\dvipsnam.def"
File: dvipsnam.def 2016/06/17 v3.0m Driver-dependent file (DPC,SPQR)
))
(CHOA_Project_2_Answers.aux)
\openout1 = `CHOA_Project_2_Answers.aux'.

LaTeX Font Info:    Checking defaults for OML/cmm/m/it on input line 90.
LaTeX Font Info:    ... okay on input line 90.
LaTeX Font Info:    Checking defaults for T1/cmr/m/n on input line 90.
LaTeX Font Info:    ... okay on input line 90.
LaTeX Font Info:    Checking defaults for OT1/cmr/m/n on input line 90.
LaTeX Font Info:    ... okay on input line 90.
LaTeX Font Info:    Checking defaults for OMS/cmsy/m/n on input line 90.
LaTeX Font Info:    ... okay on input line 90.
LaTeX Font Info:    Checking defaults for OMX/cmex/m/n on input line 90.
LaTeX Font Info:    ... okay on input line 90.
LaTeX Font Info:    Checking defaults for U/cmr/m/n on input line 90.
LaTeX Font Info:    ... okay on input line 90.

*geometry* driver: auto-detecting
*geometry* detected driver: pdftex
*geometry* verbose mode - [ preamble ] result:
* driver: pdftex
* paper: letterpaper
* layout: <same size as paper>
* layoutoffset:(h,v)=(0.0pt,0.0pt)
* modes: 
* h-part:(L,W,R)=(72.26999pt, 469.75502pt, 72.26999pt)
* v-part:(T,H,B)=(72.26999pt, 650.43001pt, 72.26999pt)
* \paperwidth=614.295pt
* \paperheight=794.96999pt
* \textwidth=469.75502pt
* \textheight=650.43001pt
* \oddsidemargin=0.0pt
* \evensidemargin=0.0pt
* \topmargin=-37.0pt
* \headheight=12.0pt
* \headsep=25.0pt
* \topskip=10.0pt
* \footskip=30.0pt
* \marginparwidth=65.0pt
* \marginparsep=11.0pt
* \columnsep=10.0pt
* \skip\footins=9.0pt plus 4.0pt minus 2.0pt
* \hoffset=0.0pt
* \voffset=0.0pt
* \mag=1000
* \@twocolumnfalse
* \@twosidefalse
* \@mparswitchfalse
* \@reversemarginfalse
* (1in=72.27pt=25.4mm, 1cm=28.453pt)

("C:\Program Files\MiKTeX 2.9\tex\context\base\supp-pdf.mkii"
[Loading MPS to PDF converter (version 2006.09.02).]
\scratchcounter=\count118
\scratchdimen=\dimen154
\scratchbox=\box28
\nofMPsegments=\count119
\nofMParguments=\count120
\everyMPshowfont=\toks28
\MPscratchCnt=\count121
\MPscratchDim=\dimen155
\MPnumerator=\count122
\makeMPintoPDFobject=\count123
\everyMPtoPDFconversion=\toks29
) ("C:\Program Files\MiKTeX 2.9\tex\latex\oberdiek\epstopdf-base.sty"
Package: epstopdf-base 2016/05/15 v2.6 Base part for package epstopdf

("C:\Program Files\MiKTeX 2.9\tex\generic\oberdiek\infwarerr.sty"
Package: infwarerr 2016/05/16 v1.4 Providing info/warning/error messages (HO)
)
("C:\Program Files\MiKTeX 2.9\tex\latex\oberdiek\grfext.sty"
Package: grfext 2016/05/16 v1.2 Manage graphics extensions (HO)

("C:\Program Files\MiKTeX 2.9\tex\generic\oberdiek\kvdefinekeys.sty"
Package: kvdefinekeys 2016/05/16 v1.4 Define keys (HO)

("C:\Program Files\MiKTeX 2.9\tex\generic\oberdiek\ltxcmds.sty"
Package: ltxcmds 2016/05/16 v1.23 LaTeX kernel commands for general use (HO)
)))
("C:\Program Files\MiKTeX 2.9\tex\latex\oberdiek\kvoptions.sty"
Package: kvoptions 2016/05/16 v3.12 Key value format for package options (HO)

("C:\Program Files\MiKTeX 2.9\tex\generic\oberdiek\kvsetkeys.sty"
Package: kvsetkeys 2016/05/16 v1.17 Key value parser (HO)

("C:\Program Files\MiKTeX 2.9\tex\generic\oberdiek\etexcmds.sty"
Package: etexcmds 2016/05/16 v1.6 Avoid name clashes with e-TeX commands (HO)

("C:\Program Files\MiKTeX 2.9\tex\generic\oberdiek\ifluatex.sty"
Package: ifluatex 2016/05/16 v1.4 Provides the ifluatex switch (HO)
Package ifluatex Info: LuaTeX not detected.
)
Package etexcmds Info: Could not find \expanded.
(etexcmds)             That can mean that you are not using pdfTeX 1.50 or
(etexcmds)             that some package has redefined \expanded.
(etexcmds)             In the latter case, load this package earlier.
)))
("C:\Program Files\MiKTeX 2.9\tex\generic\oberdiek\pdftexcmds.sty"
Package: pdftexcmds 2017/03/19 v0.25 Utility functions of pdfTeX for LuaTeX (HO
)
Package pdftexcmds Info: LuaTeX not detected.
Package pdftexcmds Info: \pdf@primitive is available.
Package pdftexcmds Info: \pdf@ifprimitive is available.
Package pdftexcmds Info: \pdfdraftmode found.
)
Package epstopdf-base Info: Redefining graphics rule for `.eps' on input line 4
38.
Package grfext Info: Graphics extension search list:
(grfext)             [.pdf,.png,.jpg,.mps,.jpeg,.jbig2,.jb2,.PDF,.PNG,.JPG,.JPE
G,.JBIG2,.JB2,.eps]
(grfext)             \AppendGraphicsExtensions on input line 456.
)
Package caption Info: Begin \AtBeginDocument code.
Package caption Info: subfig package v1.3 is loaded.
Package caption Info: End \AtBeginDocument code.
LaTeX Font Info:    Try loading font information for U+rsfs on input line 91.

("C:\Program Files\MiKTeX 2.9\tex\latex\jknappen\ursfs.fd"
File: ursfs.fd 1998/03/24 rsfs font definition file (jk)
)
LaTeX Font Info:    Try loading font information for U+msa on input line 91.

("C:\Program Files\MiKTeX 2.9\tex\latex\amsfonts\umsa.fd"
File: umsa.fd 2013/01/14 v3.01 AMS symbols A
)
LaTeX Font Info:    Try loading font information for U+msb on input line 91.

("C:\Program Files\MiKTeX 2.9\tex\latex\amsfonts\umsb.fd"
File: umsb.fd 2013/01/14 v3.01 AMS symbols B
)
Underfull \hbox (badness 10000) in paragraph at lines 92--97

 []


Underfull \hbox (badness 10000) in paragraph at lines 92--97

 []

<../figs/q1_v_1.pdf, id=1, pagebox=cropbox, 462.52798pt x 346.89601pt>
File: ../figs/q1_v_1.pdf Graphic file (type pdf)
<use ../figs/q1_v_1.pdf>
Package pdftex.def Info: ../figs/q1_v_1.pdf  used on input line 98. on input li
ne 98.
Package pdftex.def Info: Requested size: 187.89914pt x 140.92615pt on input lin
e 98.
<../figs/q1_v_1_phase.pdf, id=2, pagebox=cropbox, 462.52798pt x 346.89601pt>
File: ../figs/q1_v_1_phase.pdf Graphic file (type pdf)
<use ../figs/q1_v_1_phase.pdf>
Package pdftex.def Info: ../figs/q1_v_1_phase.pdf  used on input line 99. on in
put line 99.
Package pdftex.def Info: Requested size: 187.89914pt x 140.92615pt on input lin
e 99.
<../figs/q1_v_5.pdf, id=3, pagebox=cropbox, 462.52798pt x 346.89601pt>
File: ../figs/q1_v_5.pdf Graphic file (type pdf)
<use ../figs/q1_v_5.pdf>
Package pdftex.def Info: ../figs/q1_v_5.pdf  used on input line 102. on input l
ine 102.
Package pdftex.def Info: Requested size: 187.89914pt x 140.92615pt on input lin
e 102.
<../figs/q1_v_5_phase.pdf, id=4, pagebox=cropbox, 462.52798pt x 346.89601pt>
File: ../figs/q1_v_5_phase.pdf Graphic file (type pdf)
<use ../figs/q1_v_5_phase.pdf>
Package pdftex.def Info: ../figs/q1_v_5_phase.pdf  used on input line 103. on i
nput line 103.
Package pdftex.def Info: Requested size: 187.89914pt x 140.92615pt on input lin
e 103.
<../figs/q1_v_10.pdf, id=5, pagebox=cropbox, 462.52798pt x 346.89601pt>
File: ../figs/q1_v_10.pdf Graphic file (type pdf)
<use ../figs/q1_v_10.pdf>
Package pdftex.def Info: ../figs/q1_v_10.pdf  used on input line 106. on input 
line 106.
Package pdftex.def Info: Requested size: 187.89914pt x 140.92615pt on input lin
e 106.
<../figs/q1_v_10_phase.pdf, id=6, pagebox=cropbox, 462.52798pt x 346.89601pt>
File: ../figs/q1_v_10_phase.pdf Graphic file (type pdf)
<use ../figs/q1_v_10_phase.pdf>
Package pdftex.def Info: ../figs/q1_v_10_phase.pdf  used on input line 107. on 
input line 107.
Package pdftex.def Info: Requested size: 187.89914pt x 140.92615pt on input lin
e 107.
[1

{C:/Users/alrlc/AppData/Local/MiKTeX/2.9/pdftex/config/pdftex.map} <../figs/q1_
v_1.pdf> <../figs/q1_v_1_phase.pdf

pdfTeX warning: miktex-pdftex.exe (file ../figs/q1_v_1_phase.pdf): PDF inclusio
n: multiple pdfs with page group included in a single page
> <../figs/q1_v_5.pdf

pdfTeX warning: miktex-pdftex.exe (file ../figs/q1_v_5.pdf): PDF inclusion: mul
tiple pdfs with page group included in a single page
> <../figs/q1_v_5_phase.pdf

pdfTeX warning: miktex-pdftex.exe (file ../figs/q1_v_5_phase.pdf): PDF inclusio
n: multiple pdfs with page group included in a single page
> <../figs/q1_v_10.pdf

pdfTeX warning: miktex-pdftex.exe (file ../figs/q1_v_10.pdf): PDF inclusion: mu
ltiple pdfs with page group included in a single page
> <../figs/q1_v_10_phase.pdf

pdfTeX warning: miktex-pdftex.exe (file ../figs/q1_v_10_phase.pdf): PDF inclusi
on: multiple pdfs with page group included in a single page
>]
Underfull \hbox (badness 10000) in paragraph at lines 110--115

 []


Underfull \hbox (badness 10000) in paragraph at lines 110--115

 []

<../figs/q2_A_05.pdf, id=221, pagebox=cropbox, 462.52798pt x 346.89601pt>
File: ../figs/q2_A_05.pdf Graphic file (type pdf)
<use ../figs/q2_A_05.pdf>
Package pdftex.def Info: ../figs/q2_A_05.pdf  used on input line 116. on input 
line 116.
Package pdftex.def Info: Requested size: 140.92793pt x 105.69461pt on input lin
e 116.
<../figs/q2_A_05_no_wrap.pdf, id=222, pagebox=cropbox, 462.52798pt x 346.89601p
t>
File: ../figs/q2_A_05_no_wrap.pdf Graphic file (type pdf)
<use ../figs/q2_A_05_no_wrap.pdf>
Package pdftex.def Info: ../figs/q2_A_05_no_wrap.pdf  used on input line 117. o
n input line 117.
Package pdftex.def Info: Requested size: 140.92793pt x 105.69461pt on input lin
e 117.
<../figs/q2_A_05_phase.pdf, id=223, pagebox=cropbox, 462.52798pt x 346.89601pt>

File: ../figs/q2_A_05_phase.pdf Graphic file (type pdf)
<use ../figs/q2_A_05_phase.pdf>
Package pdftex.def Info: ../figs/q2_A_05_phase.pdf  used on input line 118. on 
input line 118.
Package pdftex.def Info: Requested size: 140.92793pt x 105.69461pt on input lin
e 118.
<../figs/q2_A_12.pdf, id=224, pagebox=cropbox, 462.52798pt x 346.89601pt>
File: ../figs/q2_A_12.pdf Graphic file (type pdf)
<use ../figs/q2_A_12.pdf>
Package pdftex.def Info: ../figs/q2_A_12.pdf  used on input line 122. on input 
line 122.
Package pdftex.def Info: Requested size: 140.92793pt x 105.69461pt on input lin
e 122.
<../figs/q2_A_12_no_wrap.pdf, id=225, pagebox=cropbox, 462.52798pt x 346.89601p
t>
File: ../figs/q2_A_12_no_wrap.pdf Graphic file (type pdf)
<use ../figs/q2_A_12_no_wrap.pdf>
Package pdftex.def Info: ../figs/q2_A_12_no_wrap.pdf  used on input line 123. o
n input line 123.
Package pdftex.def Info: Requested size: 140.92793pt x 105.69461pt on input lin
e 123.
<../figs/q2_A_12_phase.pdf, id=226, pagebox=cropbox, 462.52798pt x 346.89601pt>

File: ../figs/q2_A_12_phase.pdf Graphic file (type pdf)
<use ../figs/q2_A_12_phase.pdf>
Package pdftex.def Info: ../figs/q2_A_12_phase.pdf  used on input line 124. on 
input line 124.
Package pdftex.def Info: Requested size: 140.92793pt x 105.69461pt on input lin
e 124.

Underfull \hbox (badness 10000) in paragraph at lines 126--131

 []


Underfull \hbox (badness 10000) in paragraph at lines 126--131

 []

<../figs/q3_A_00.pdf, id=227, pagebox=cropbox, 462.52798pt x 346.89601pt>
File: ../figs/q3_A_00.pdf Graphic file (type pdf)
<use ../figs/q3_A_00.pdf>
Package pdftex.def Info: ../figs/q3_A_00.pdf  used on input line 132. on input 
line 132.
Package pdftex.def Info: Requested size: 140.92793pt x 105.69461pt on input lin
e 132.
<../figs/q3_A_00_no_wrap.pdf, id=228, pagebox=cropbox, 462.52798pt x 346.89601p
t>
File: ../figs/q3_A_00_no_wrap.pdf Graphic file (type pdf)
<use ../figs/q3_A_00_no_wrap.pdf>
Package pdftex.def Info: ../figs/q3_A_00_no_wrap.pdf  used on input line 133. o
n input line 133.
Package pdftex.def Info: Requested size: 140.92793pt x 105.69461pt on input lin
e 133.
<../figs/q3_A_00_phase.pdf, id=229, pagebox=cropbox, 462.52798pt x 346.89601pt>

File: ../figs/q3_A_00_phase.pdf Graphic file (type pdf)
<use ../figs/q3_A_00_phase.pdf>
Package pdftex.def Info: ../figs/q3_A_00_phase.pdf  used on input line 134. on 
input line 134.
Package pdftex.def Info: Requested size: 140.92793pt x 105.69461pt on input lin
e 134.
<../figs/q3_A_02.pdf, id=230, pagebox=cropbox, 462.52798pt x 346.89601pt>
File: ../figs/q3_A_02.pdf Graphic file (type pdf)
<use ../figs/q3_A_02.pdf>
Package pdftex.def Info: ../figs/q3_A_02.pdf  used on input line 137. on input 
line 137.
Package pdftex.def Info: Requested size: 140.92793pt x 105.69461pt on input lin
e 137.
<../figs/q3_A_02_no_wrap.pdf, id=231, pagebox=cropbox, 462.52798pt x 346.89601p
t>
File: ../figs/q3_A_02_no_wrap.pdf Graphic file (type pdf)
<use ../figs/q3_A_02_no_wrap.pdf>
Package pdftex.def Info: ../figs/q3_A_02_no_wrap.pdf  used on input line 138. o
n input line 138.
Package pdftex.def Info: Requested size: 140.92793pt x 105.69461pt on input lin
e 138.
<../figs/q3_A_02_phase.pdf, id=232, pagebox=cropbox, 462.52798pt x 346.89601pt>

File: ../figs/q3_A_02_phase.pdf Graphic file (type pdf)
<use ../figs/q3_A_02_phase.pdf>
Package pdftex.def Info: ../figs/q3_A_02_phase.pdf  used on input line 139. on 
input line 139.
Package pdftex.def Info: Requested size: 140.92793pt x 105.69461pt on input lin
e 139.
[2 <../figs/q2_A_05.pdf> <../figs/q2_A_05_no_wrap.pdf

pdfTeX warning: miktex-pdftex.exe (file ../figs/q2_A_05_no_wrap.pdf): PDF inclu
sion: multiple pdfs with page group included in a single page
> <../figs/q2_A_05_phase.pdf

pdfTeX warning: miktex-pdftex.exe (file ../figs/q2_A_05_phase.pdf): PDF inclusi
on: multiple pdfs with page group included in a single page
> <../figs/q2_A_12.pdf

pdfTeX warning: miktex-pdftex.exe (file ../figs/q2_A_12.pdf): PDF inclusion: mu
ltiple pdfs with page group included in a single page
> <../figs/q2_A_12_no_wrap.pdf

pdfTeX warning: miktex-pdftex.exe (file ../figs/q2_A_12_no_wrap.pdf): PDF inclu
sion: multiple pdfs with page group included in a single page
> <../figs/q2_A_12_phase.pdf

pdfTeX warning: miktex-pdftex.exe (file ../figs/q2_A_12_phase.pdf): PDF inclusi
on: multiple pdfs with page group included in a single page
> <../figs/q3_A_00.pdf

pdfTeX warning: miktex-pdftex.exe (file ../figs/q3_A_00.pdf): PDF inclusion: mu
ltiple pdfs with page group included in a single page
> <../figs/q3_A_00_no_wrap.pdf

pdfTeX warning: miktex-pdftex.exe (file ../figs/q3_A_00_no_wrap.pdf): PDF inclu
sion: multiple pdfs with page group included in a single page
> <../figs/q3_A_00_phase.pdf

pdfTeX warning: miktex-pdftex.exe (file ../figs/q3_A_00_phase.pdf): PDF inclusi
on: multiple pdfs with page group included in a single page
>]
<../figs/q3_A_05.pdf, id=533, pagebox=cropbox, 462.52798pt x 346.89601pt>
File: ../figs/q3_A_05.pdf Graphic file (type pdf)
<use ../figs/q3_A_05.pdf>
Package pdftex.def Info: ../figs/q3_A_05.pdf  used on input line 142. on input 
line 142.
Package pdftex.def Info: Requested size: 140.92793pt x 105.69461pt on input lin
e 142.
<../figs/q3_A_05_no_wrap.pdf, id=534, pagebox=cropbox, 462.52798pt x 346.89601p
t>
File: ../figs/q3_A_05_no_wrap.pdf Graphic file (type pdf)
<use ../figs/q3_A_05_no_wrap.pdf>
Package pdftex.def Info: ../figs/q3_A_05_no_wrap.pdf  used on input line 143. o
n input line 143.
Package pdftex.def Info: Requested size: 140.92793pt x 105.69461pt on input lin
e 143.
<../figs/q3_A_05_phase.pdf, id=535, pagebox=cropbox, 462.52798pt x 346.89601pt>

File: ../figs/q3_A_05_phase.pdf Graphic file (type pdf)
<use ../figs/q3_A_05_phase.pdf>
Package pdftex.def Info: ../figs/q3_A_05_phase.pdf  used on input line 144. on 
input line 144.
Package pdftex.def Info: Requested size: 140.92793pt x 105.69461pt on input lin
e 144.
<../figs/q3_A_07.pdf, id=536, pagebox=cropbox, 462.52798pt x 346.89601pt>
File: ../figs/q3_A_07.pdf Graphic file (type pdf)
<use ../figs/q3_A_07.pdf>
Package pdftex.def Info: ../figs/q3_A_07.pdf  used on input line 147. on input 
line 147.
Package pdftex.def Info: Requested size: 140.92793pt x 105.69461pt on input lin
e 147.
<../figs/q3_A_07_no_wrap.pdf, id=537, pagebox=cropbox, 462.52798pt x 346.89601p
t>
File: ../figs/q3_A_07_no_wrap.pdf Graphic file (type pdf)
<use ../figs/q3_A_07_no_wrap.pdf>
Package pdftex.def Info: ../figs/q3_A_07_no_wrap.pdf  used on input line 148. o
n input line 148.
Package pdftex.def Info: Requested size: 140.92793pt x 105.69461pt on input lin
e 148.
<../figs/q3_A_07_phase.pdf, id=538, pagebox=cropbox, 462.52798pt x 346.89601pt>

File: ../figs/q3_A_07_phase.pdf Graphic file (type pdf)
<use ../figs/q3_A_07_phase.pdf>
Package pdftex.def Info: ../figs/q3_A_07_phase.pdf  used on input line 149. on 
input line 149.
Package pdftex.def Info: Requested size: 140.92793pt x 105.69461pt on input lin
e 149.
<../figs/q3_A_09.pdf, id=539, pagebox=cropbox, 462.52798pt x 346.89601pt>
File: ../figs/q3_A_09.pdf Graphic file (type pdf)
<use ../figs/q3_A_09.pdf>
Package pdftex.def Info: ../figs/q3_A_09.pdf  used on input line 152. on input 
line 152.
Package pdftex.def Info: Requested size: 140.92793pt x 105.69461pt on input lin
e 152.
<../figs/q3_A_09_no_wrap.pdf, id=540, pagebox=cropbox, 462.52798pt x 346.89601p
t>
File: ../figs/q3_A_09_no_wrap.pdf Graphic file (type pdf)
<use ../figs/q3_A_09_no_wrap.pdf>
Package pdftex.def Info: ../figs/q3_A_09_no_wrap.pdf  used on input line 153. o
n input line 153.
Package pdftex.def Info: Requested size: 140.92793pt x 105.69461pt on input lin
e 153.
<../figs/q3_A_09_phase.pdf, id=541, pagebox=cropbox, 462.52798pt x 346.89601pt>

File: ../figs/q3_A_09_phase.pdf Graphic file (type pdf)
<use ../figs/q3_A_09_phase.pdf>
Package pdftex.def Info: ../figs/q3_A_09_phase.pdf  used on input line 154. on 
input line 154.
Package pdftex.def Info: Requested size: 140.92793pt x 105.69461pt on input lin
e 154.
<../figs/q3_A_10.pdf, id=542, pagebox=cropbox, 462.52798pt x 346.89601pt>
File: ../figs/q3_A_10.pdf Graphic file (type pdf)
<use ../figs/q3_A_10.pdf>
Package pdftex.def Info: ../figs/q3_A_10.pdf  used on input line 157. on input 
line 157.
Package pdftex.def Info: Requested size: 140.92793pt x 105.69461pt on input lin
e 157.
<../figs/q3_A_10_no_wrap.pdf, id=543, pagebox=cropbox, 462.52798pt x 346.89601p
t>
File: ../figs/q3_A_10_no_wrap.pdf Graphic file (type pdf)
<use ../figs/q3_A_10_no_wrap.pdf>
Package pdftex.def Info: ../figs/q3_A_10_no_wrap.pdf  used on input line 158. o
n input line 158.
Package pdftex.def Info: Requested size: 140.92793pt x 105.69461pt on input lin
e 158.
<../figs/q3_A_10_phase.pdf, id=544, pagebox=cropbox, 462.52798pt x 346.89601pt>

File: ../figs/q3_A_10_phase.pdf Graphic file (type pdf)
<use ../figs/q3_A_10_phase.pdf>
Package pdftex.def Info: ../figs/q3_A_10_phase.pdf  used on input line 159. on 
input line 159.
Package pdftex.def Info: Requested size: 140.92793pt x 105.69461pt on input lin
e 159.
<../figs/q3_A_11.pdf, id=545, pagebox=cropbox, 462.52798pt x 346.89601pt>
File: ../figs/q3_A_11.pdf Graphic file (type pdf)
<use ../figs/q3_A_11.pdf>
Package pdftex.def Info: ../figs/q3_A_11.pdf  used on input line 162. on input 
line 162.
Package pdftex.def Info: Requested size: 140.92793pt x 105.69461pt on input lin
e 162.
<../figs/q3_A_11_no_wrap.pdf, id=546, pagebox=cropbox, 462.52798pt x 346.89601p
t>
File: ../figs/q3_A_11_no_wrap.pdf Graphic file (type pdf)
<use ../figs/q3_A_11_no_wrap.pdf>
Package pdftex.def Info: ../figs/q3_A_11_no_wrap.pdf  used on input line 163. o
n input line 163.
Package pdftex.def Info: Requested size: 140.92793pt x 105.69461pt on input lin
e 163.
<../figs/q3_A_11_phase.pdf, id=547, pagebox=cropbox, 462.52798pt x 346.89601pt>

File: ../figs/q3_A_11_phase.pdf Graphic file (type pdf)
<use ../figs/q3_A_11_phase.pdf>
Package pdftex.def Info: ../figs/q3_A_11_phase.pdf  used on input line 164. on 
input line 164.
Package pdftex.def Info: Requested size: 140.92793pt x 105.69461pt on input lin
e 164.
 [3 <../figs/q3_A_02.pdf> <../figs/q3_A_02_no_wrap.pdf

pdfTeX warning: miktex-pdftex.exe (file ../figs/q3_A_02_no_wrap.pdf): PDF inclu
sion: multiple pdfs with page group included in a single page
> <../figs/q3_A_02_phase.pdf

pdfTeX warning: miktex-pdftex.exe (file ../figs/q3_A_02_phase.pdf): PDF inclusi
on: multiple pdfs with page group included in a single page
> <../figs/q3_A_05.pdf

pdfTeX warning: miktex-pdftex.exe (file ../figs/q3_A_05.pdf): PDF inclusion: mu
ltiple pdfs with page group included in a single page
> <../figs/q3_A_05_no_wrap.pdf

pdfTeX warning: miktex-pdftex.exe (file ../figs/q3_A_05_no_wrap.pdf): PDF inclu
sion: multiple pdfs with page group included in a single page
> <../figs/q3_A_05_phase.pdf

pdfTeX warning: miktex-pdftex.exe (file ../figs/q3_A_05_phase.pdf): PDF inclusi
on: multiple pdfs with page group included in a single page
> <../figs/q3_A_07.pdf

pdfTeX warning: miktex-pdftex.exe (file ../figs/q3_A_07.pdf): PDF inclusion: mu
ltiple pdfs with page group included in a single page
> <../figs/q3_A_07_no_wrap.pdf

pdfTeX warning: miktex-pdftex.exe (file ../figs/q3_A_07_no_wrap.pdf): PDF inclu
sion: multiple pdfs with page group included in a single page
> <../figs/q3_A_07_phase.pdf

pdfTeX warning: miktex-pdftex.exe (file ../figs/q3_A_07_phase.pdf): PDF inclusi
on: multiple pdfs with page group included in a single page
> <../figs/q3_A_09.pdf

pdfTeX warning: miktex-pdftex.exe (file ../figs/q3_A_09.pdf): PDF inclusion: mu
ltiple pdfs with page group included in a single page
> <../figs/q3_A_09_no_wrap.pdf

pdfTeX warning: miktex-pdftex.exe (file ../figs/q3_A_09_no_wrap.pdf): PDF inclu
sion: multiple pdfs with page group included in a single page
> <../figs/q3_A_09_phase.pdf

pdfTeX warning: miktex-pdftex.exe (file ../figs/q3_A_09_phase.pdf): PDF inclusi
on: multiple pdfs with page group included in a single page
> <../figs/q3_A_10.pdf

pdfTeX warning: miktex-pdftex.exe (file ../figs/q3_A_10.pdf): PDF inclusion: mu
ltiple pdfs with page group included in a single page
> <../figs/q3_A_10_no_wrap.pdf

pdfTeX warning: miktex-pdftex.exe (file ../figs/q3_A_10_no_wrap.pdf): PDF inclu
sion: multiple pdfs with page group included in a single page
> <../figs/q3_A_10_phase.pdf

pdfTeX warning: miktex-pdftex.exe (file ../figs/q3_A_10_phase.pdf): PDF inclusi
on: multiple pdfs with page group included in a single page
>]
<../figs/q3_A_12.pdf, id=1044, pagebox=cropbox, 462.52798pt x 346.89601pt>
File: ../figs/q3_A_12.pdf Graphic file (type pdf)
<use ../figs/q3_A_12.pdf>
Package pdftex.def Info: ../figs/q3_A_12.pdf  used on input line 167. on input 
line 167.
Package pdftex.def Info: Requested size: 140.92793pt x 105.69461pt on input lin
e 167.
<../figs/q3_A_12_no_wrap.pdf, id=1045, pagebox=cropbox, 462.52798pt x 346.89601
pt>
File: ../figs/q3_A_12_no_wrap.pdf Graphic file (type pdf)
<use ../figs/q3_A_12_no_wrap.pdf>
Package pdftex.def Info: ../figs/q3_A_12_no_wrap.pdf  used on input line 168. o
n input line 168.
Package pdftex.def Info: Requested size: 140.92793pt x 105.69461pt on input lin
e 168.
<../figs/q3_A_12_phase.pdf, id=1046, pagebox=cropbox, 462.52798pt x 346.89601pt
>
File: ../figs/q3_A_12_phase.pdf Graphic file (type pdf)
<use ../figs/q3_A_12_phase.pdf>
Package pdftex.def Info: ../figs/q3_A_12_phase.pdf  used on input line 169. on 
input line 169.
Package pdftex.def Info: Requested size: 140.92793pt x 105.69461pt on input lin
e 169.
<../figs/q3_A_14.pdf, id=1047, pagebox=cropbox, 462.52798pt x 346.89601pt>
File: ../figs/q3_A_14.pdf Graphic file (type pdf)
<use ../figs/q3_A_14.pdf>
Package pdftex.def Info: ../figs/q3_A_14.pdf  used on input line 172. on input 
line 172.
Package pdftex.def Info: Requested size: 140.92793pt x 105.69461pt on input lin
e 172.
<../figs/q3_A_14_no_wrap.pdf, id=1048, pagebox=cropbox, 462.52798pt x 346.89601
pt>
File: ../figs/q3_A_14_no_wrap.pdf Graphic file (type pdf)
<use ../figs/q3_A_14_no_wrap.pdf>
Package pdftex.def Info: ../figs/q3_A_14_no_wrap.pdf  used on input line 173. o
n input line 173.
Package pdftex.def Info: Requested size: 140.92793pt x 105.69461pt on input lin
e 173.
<../figs/q3_A_14_phase.pdf, id=1049, pagebox=cropbox, 462.52798pt x 346.89601pt
>
File: ../figs/q3_A_14_phase.pdf Graphic file (type pdf)
<use ../figs/q3_A_14_phase.pdf>
Package pdftex.def Info: ../figs/q3_A_14_phase.pdf  used on input line 174. on 
input line 174.
Package pdftex.def Info: Requested size: 140.92793pt x 105.69461pt on input lin
e 174.
<../figs/q3_A_15.pdf, id=1050, pagebox=cropbox, 462.52798pt x 346.89601pt>
File: ../figs/q3_A_15.pdf Graphic file (type pdf)
<use ../figs/q3_A_15.pdf>
Package pdftex.def Info: ../figs/q3_A_15.pdf  used on input line 177. on input 
line 177.
Package pdftex.def Info: Requested size: 140.92793pt x 105.69461pt on input lin
e 177.
<../figs/q3_A_15_no_wrap.pdf, id=1051, pagebox=cropbox, 462.52798pt x 346.89601
pt>
File: ../figs/q3_A_15_no_wrap.pdf Graphic file (type pdf)
<use ../figs/q3_A_15_no_wrap.pdf>
Package pdftex.def Info: ../figs/q3_A_15_no_wrap.pdf  used on input line 178. o
n input line 178.
Package pdftex.def Info: Requested size: 140.92793pt x 105.69461pt on input lin
e 178.
<../figs/q3_A_15_phase.pdf, id=1052, pagebox=cropbox, 462.52798pt x 346.89601pt
>
File: ../figs/q3_A_15_phase.pdf Graphic file (type pdf)
<use ../figs/q3_A_15_phase.pdf>
Package pdftex.def Info: ../figs/q3_A_15_phase.pdf  used on input line 179. on 
input line 179.
Package pdftex.def Info: Requested size: 140.92793pt x 105.69461pt on input lin
e 179.
<../figs/q3_A_16.pdf, id=1053, pagebox=cropbox, 462.52798pt x 346.89601pt>
File: ../figs/q3_A_16.pdf Graphic file (type pdf)
<use ../figs/q3_A_16.pdf>
Package pdftex.def Info: ../figs/q3_A_16.pdf  used on input line 182. on input 
line 182.
Package pdftex.def Info: Requested size: 140.92793pt x 105.69461pt on input lin
e 182.
<../figs/q3_A_16_no_wrap.pdf, id=1054, pagebox=cropbox, 462.52798pt x 346.89601
pt>
File: ../figs/q3_A_16_no_wrap.pdf Graphic file (type pdf)
<use ../figs/q3_A_16_no_wrap.pdf>
Package pdftex.def Info: ../figs/q3_A_16_no_wrap.pdf  used on input line 183. o
n input line 183.
Package pdftex.def Info: Requested size: 140.92793pt x 105.69461pt on input lin
e 183.
<../figs/q3_A_16_phase.pdf, id=1055, pagebox=cropbox, 462.52798pt x 346.89601pt
>
File: ../figs/q3_A_16_phase.pdf Graphic file (type pdf)
<use ../figs/q3_A_16_phase.pdf>
Package pdftex.def Info: ../figs/q3_A_16_phase.pdf  used on input line 184. on 
input line 184.
Package pdftex.def Info: Requested size: 140.92793pt x 105.69461pt on input lin
e 184.
 [4 <../figs/q3_A_11.pdf> <../figs/q3_A_11_no_wrap.pdf

pdfTeX warning: miktex-pdftex.exe (file ../figs/q3_A_11_no_wrap.pdf): PDF inclu
sion: multiple pdfs with page group included in a single page
> <../figs/q3_A_11_phase.pdf

pdfTeX warning: miktex-pdftex.exe (file ../figs/q3_A_11_phase.pdf): PDF inclusi
on: multiple pdfs with page group included in a single page
> <../figs/q3_A_12.pdf

pdfTeX warning: miktex-pdftex.exe (file ../figs/q3_A_12.pdf): PDF inclusion: mu
ltiple pdfs with page group included in a single page
> <../figs/q3_A_12_no_wrap.pdf

pdfTeX warning: miktex-pdftex.exe (file ../figs/q3_A_12_no_wrap.pdf): PDF inclu
sion: multiple pdfs with page group included in a single page
> <../figs/q3_A_12_phase.pdf

pdfTeX warning: miktex-pdftex.exe (file ../figs/q3_A_12_phase.pdf): PDF inclusi
on: multiple pdfs with page group included in a single page
> <../figs/q3_A_14.pdf

pdfTeX warning: miktex-pdftex.exe (file ../figs/q3_A_14.pdf): PDF inclusion: mu
ltiple pdfs with page group included in a single page
> <../figs/q3_A_14_no_wrap.pdf

pdfTeX warning: miktex-pdftex.exe (file ../figs/q3_A_14_no_wrap.pdf): PDF inclu
sion: multiple pdfs with page group included in a single page
> <../figs/q3_A_14_phase.pdf

pdfTeX warning: miktex-pdftex.exe (file ../figs/q3_A_14_phase.pdf): PDF inclusi
on: multiple pdfs with page group included in a single page
> <../figs/q3_A_15.pdf

pdfTeX warning: miktex-pdftex.exe (file ../figs/q3_A_15.pdf): PDF inclusion: mu
ltiple pdfs with page group included in a single page
> <../figs/q3_A_15_no_wrap.pdf

pdfTeX warning: miktex-pdftex.exe (file ../figs/q3_A_15_no_wrap.pdf): PDF inclu
sion: multiple pdfs with page group included in a single page
> <../figs/q3_A_15_phase.pdf

pdfTeX warning: miktex-pdftex.exe (file ../figs/q3_A_15_phase.pdf): PDF inclusi
on: multiple pdfs with page group included in a single page
> <../figs/q3_A_16.pdf

pdfTeX warning: miktex-pdftex.exe (file ../figs/q3_A_16.pdf): PDF inclusion: mu
ltiple pdfs with page group included in a single page
> <../figs/q3_A_16_no_wrap.pdf

pdfTeX warning: miktex-pdftex.exe (file ../figs/q3_A_16_no_wrap.pdf): PDF inclu
sion: multiple pdfs with page group included in a single page
> <../figs/q3_A_16_phase.pdf

pdfTeX warning: miktex-pdftex.exe (file ../figs/q3_A_16_phase.pdf): PDF inclusi
on: multiple pdfs with page group included in a single page
>]
Underfull \hbox (badness 10000) in paragraph at lines 187--192

 []


Underfull \hbox (badness 10000) in paragraph at lines 187--192

 []

<../figs/q4_A_135.pdf, id=1551, pagebox=cropbox, 462.52798pt x 346.89601pt>
File: ../figs/q4_A_135.pdf Graphic file (type pdf)
<use ../figs/q4_A_135.pdf>
Package pdftex.def Info: ../figs/q4_A_135.pdf  used on input line 193. on input
 line 193.
Package pdftex.def Info: Requested size: 140.92793pt x 105.69461pt on input lin
e 193.
<../figs/q4_A_135_no_wrap.pdf, id=1552, pagebox=cropbox, 462.52798pt x 346.8960
1pt>
File: ../figs/q4_A_135_no_wrap.pdf Graphic file (type pdf)
<use ../figs/q4_A_135_no_wrap.pdf>
Package pdftex.def Info: ../figs/q4_A_135_no_wrap.pdf  used on input line 194. 
on input line 194.
Package pdftex.def Info: Requested size: 140.92793pt x 105.69461pt on input lin
e 194.
<../figs/q4_A_135_phase.pdf, id=1553, pagebox=cropbox, 462.52798pt x 346.89601p
t>
File: ../figs/q4_A_135_phase.pdf Graphic file (type pdf)
<use ../figs/q4_A_135_phase.pdf>
Package pdftex.def Info: ../figs/q4_A_135_phase.pdf  used on input line 195. on
 input line 195.
Package pdftex.def Info: Requested size: 140.92793pt x 105.69461pt on input lin
e 195.
<../figs/q4_A_144.pdf, id=1554, pagebox=cropbox, 462.52798pt x 346.89601pt>
File: ../figs/q4_A_144.pdf Graphic file (type pdf)
<use ../figs/q4_A_144.pdf>
Package pdftex.def Info: ../figs/q4_A_144.pdf  used on input line 198. on input
 line 198.
Package pdftex.def Info: Requested size: 140.92793pt x 105.69461pt on input lin
e 198.
<../figs/q4_A_144_no_wrap.pdf, id=1555, pagebox=cropbox, 462.52798pt x 346.8960
1pt>
File: ../figs/q4_A_144_no_wrap.pdf Graphic file (type pdf)
<use ../figs/q4_A_144_no_wrap.pdf>
Package pdftex.def Info: ../figs/q4_A_144_no_wrap.pdf  used on input line 199. 
on input line 199.
Package pdftex.def Info: Requested size: 140.92793pt x 105.69461pt on input lin
e 199.
<../figs/q4_A_144_phase.pdf, id=1556, pagebox=cropbox, 462.52798pt x 346.89601p
t>
File: ../figs/q4_A_144_phase.pdf Graphic file (type pdf)
<use ../figs/q4_A_144_phase.pdf>
Package pdftex.def Info: ../figs/q4_A_144_phase.pdf  used on input line 200. on
 input line 200.
Package pdftex.def Info: Requested size: 140.92793pt x 105.69461pt on input lin
e 200.
<../figs/q4_A_1465.pdf, id=1557, pagebox=cropbox, 462.52798pt x 346.89601pt>
File: ../figs/q4_A_1465.pdf Graphic file (type pdf)
<use ../figs/q4_A_1465.pdf>
Package pdftex.def Info: ../figs/q4_A_1465.pdf  used on input line 203. on inpu
t line 203.
Package pdftex.def Info: Requested size: 140.92793pt x 105.69461pt on input lin
e 203.
<../figs/q4_A_1465_no_wrap.pdf, id=1558, pagebox=cropbox, 462.52798pt x 346.896
01pt>
File: ../figs/q4_A_1465_no_wrap.pdf Graphic file (type pdf)
<use ../figs/q4_A_1465_no_wrap.pdf>
Package pdftex.def Info: ../figs/q4_A_1465_no_wrap.pdf  used on input line 204.
 on input line 204.
Package pdftex.def Info: Requested size: 140.92793pt x 105.69461pt on input lin
e 204.
<../figs/q4_A_1465_phase.pdf, id=1559, pagebox=cropbox, 462.52798pt x 346.89601
pt>
File: ../figs/q4_A_1465_phase.pdf Graphic file (type pdf)
<use ../figs/q4_A_1465_phase.pdf>
Package pdftex.def Info: ../figs/q4_A_1465_phase.pdf  used on input line 205. o
n input line 205.
Package pdftex.def Info: Requested size: 140.92793pt x 105.69461pt on input lin
e 205.

Underfull \hbox (badness 10000) in paragraph at lines 207--212

 []


Underfull \hbox (badness 10000) in paragraph at lines 207--212

 []

<../figs/q5_A_05_Poincare.pdf, id=1560, pagebox=cropbox, 462.52798pt x 346.8960
1pt>
File: ../figs/q5_A_05_Poincare.pdf Graphic file (type pdf)
<use ../figs/q5_A_05_Poincare.pdf>
Package pdftex.def Info: ../figs/q5_A_05_Poincare.pdf  used on input line 213. 
on input line 213.
Package pdftex.def Info: Requested size: 187.89914pt x 140.92615pt on input lin
e 213.
<../figs/q5_A_12_Poincare.pdf, id=1561, pagebox=cropbox, 462.52798pt x 346.8960
1pt>
File: ../figs/q5_A_12_Poincare.pdf Graphic file (type pdf)
<use ../figs/q5_A_12_Poincare.pdf>
Package pdftex.def Info: ../figs/q5_A_12_Poincare.pdf  used on input line 214. 
on input line 214.
Package pdftex.def Info: Requested size: 187.89914pt x 140.92615pt on input lin
e 214.
<../figs/q5_A_135_Poincare.pdf, id=1562, pagebox=cropbox, 462.52798pt x 346.896
01pt>
File: ../figs/q5_A_135_Poincare.pdf Graphic file (type pdf)
<use ../figs/q5_A_135_Poincare.pdf>
Package pdftex.def Info: ../figs/q5_A_135_Poincare.pdf  used on input line 217.
 on input line 217.
Package pdftex.def Info: Requested size: 187.89914pt x 140.92615pt on input lin
e 217.
<../figs/q5_A_144_Poincare.pdf, id=1563, pagebox=cropbox, 462.52798pt x 346.896
01pt>
File: ../figs/q5_A_144_Poincare.pdf Graphic file (type pdf)
<use ../figs/q5_A_144_Poincare.pdf>
Package pdftex.def Info: ../figs/q5_A_144_Poincare.pdf  used on input line 218.
 on input line 218.
Package pdftex.def Info: Requested size: 187.89914pt x 140.92615pt on input lin
e 218.
[5 <../figs/q4_A_135.pdf> <../figs/q4_A_135_no_wrap.pdf

pdfTeX warning: miktex-pdftex.exe (file ../figs/q4_A_135_no_wrap.pdf): PDF incl
usion: multiple pdfs with page group included in a single page
> <../figs/q4_A_135_phase.pdf

pdfTeX warning: miktex-pdftex.exe (file ../figs/q4_A_135_phase.pdf): PDF inclus
ion: multiple pdfs with page group included in a single page
> <../figs/q4_A_144.pdf

pdfTeX warning: miktex-pdftex.exe (file ../figs/q4_A_144.pdf): PDF inclusion: m
ultiple pdfs with page group included in a single page
> <../figs/q4_A_144_no_wrap.pdf

pdfTeX warning: miktex-pdftex.exe (file ../figs/q4_A_144_no_wrap.pdf): PDF incl
usion: multiple pdfs with page group included in a single page
> <../figs/q4_A_144_phase.pdf

pdfTeX warning: miktex-pdftex.exe (file ../figs/q4_A_144_phase.pdf): PDF inclus
ion: multiple pdfs with page group included in a single page
> <../figs/q4_A_1465.pdf

pdfTeX warning: miktex-pdftex.exe (file ../figs/q4_A_1465.pdf): PDF inclusion: 
multiple pdfs with page group included in a single page
> <../figs/q4_A_1465_no_wrap.pdf

pdfTeX warning: miktex-pdftex.exe (file ../figs/q4_A_1465_no_wrap.pdf): PDF inc
lusion: multiple pdfs with page group included in a single page
> <../figs/q4_A_1465_phase.pdf

pdfTeX warning: miktex-pdftex.exe (file ../figs/q4_A_1465_phase.pdf): PDF inclu
sion: multiple pdfs with page group included in a single page
> <../figs/q5_A_05_Poincare.pdf

pdfTeX warning: miktex-pdftex.exe (file ../figs/q5_A_05_Poincare.pdf): PDF incl
usion: multiple pdfs with page group included in a single page
> <../figs/q5_A_12_Poincare.pdf

pdfTeX warning: miktex-pdftex.exe (file ../figs/q5_A_12_Poincare.pdf): PDF incl
usion: multiple pdfs with page group included in a single page
>]
<../figs/q5_A_1465_Poincare.pdf, id=1928, pagebox=cropbox, 462.52798pt x 346.89
601pt>
File: ../figs/q5_A_1465_Poincare.pdf Graphic file (type pdf)
<use ../figs/q5_A_1465_Poincare.pdf>
Package pdftex.def Info: ../figs/q5_A_1465_Poincare.pdf  used on input line 221
. on input line 221.
Package pdftex.def Info: Requested size: 187.89914pt x 140.92615pt on input lin
e 221.

Underfull \hbox (badness 10000) in paragraph at lines 223--228

 []


Underfull \hbox (badness 10000) in paragraph at lines 223--228

 []

<../figs/q6_05_12.pdf, id=1929, pagebox=cropbox, 462.52798pt x 346.89601pt>
File: ../figs/q6_05_12.pdf Graphic file (type pdf)
<use ../figs/q6_05_12.pdf>
Package pdftex.def Info: ../figs/q6_05_12.pdf  used on input line 229. on input
 line 229.
Package pdftex.def Info: Requested size: 187.89914pt x 140.92615pt on input lin
e 229.
<../figs/q6_135_150.pdf, id=1930, pagebox=cropbox, 462.52798pt x 346.89601pt>
File: ../figs/q6_135_150.pdf Graphic file (type pdf)
<use ../figs/q6_135_150.pdf>
Package pdftex.def Info: ../figs/q6_135_150.pdf  used on input line 230. on inp
ut line 230.
Package pdftex.def Info: Requested size: 187.89914pt x 140.92615pt on input lin
e 230.
[6 <../figs/q5_A_135_Poincare.pdf> <../figs/q5_A_144_Poincare.pdf

pdfTeX warning: miktex-pdftex.exe (file ../figs/q5_A_144_Poincare.pdf): PDF inc
lusion: multiple pdfs with page group included in a single page
> <../figs/q5_A_1465_Poincare.pdf

pdfTeX warning: miktex-pdftex.exe (file ../figs/q5_A_1465_Poincare.pdf): PDF in
clusion: multiple pdfs with page group included in a single page
> <../figs/q6_05_12.pdf

pdfTeX warning: miktex-pdftex.exe (file ../figs/q6_05_12.pdf): PDF inclusion: m
ultiple pdfs with page group included in a single page
> <../figs/q6_135_150.pdf

pdfTeX warning: miktex-pdftex.exe (file ../figs/q6_135_150.pdf): PDF inclusion:
 multiple pdfs with page group included in a single page
>] (CHOA_Project_2_Answers.aux) ) 
Here is how much of TeX's memory you used:
 6276 strings out of 493312
 97181 string characters out of 3138900
 163245 words of memory out of 3000000
 9645 multiletter control sequences out of 15000+200000
 11738 words of font info for 49 fonts, out of 3000000 for 9000
 1141 hyphenation exceptions out of 8191
 44i,11n,43p,796b,271s stack positions out of 5000i,500n,10000p,200000b,50000s
<C:/Program Files/MiKTeX 2.9/fonts/type1/publi
c/amsfonts/cm/cmmi10.pfb><C:/Program Files/MiKTeX 2.9/fonts/type1/public/amsfon
ts/cm/cmr10.pfb><C:/Program Files/MiKTeX 2.9/fonts/type1/public/amsfonts/cm/cmr
12.pfb><C:/Program Files/MiKTeX 2.9/fonts/type1/public/amsfonts/cm/cmr17.pfb><C
:/Program Files/MiKTeX 2.9/fonts/type1/public/amsfonts/cm/cmsy10.pfb><C:/Progra
m Files/MiKTeX 2.9/fonts/type1/public/amsfonts/cm/cmtt10.pfb>
Output written on CHOA_Project_2_Answers.pdf (6 pages, 24218426 bytes).
PDF statistics:
 2210 PDF objects out of 2487 (max. 8388607)
 0 named destinations out of 1000 (max. 500000)
 306 words of extra memory for PDF output out of 10000 (max. 10000000)

